<?xml version="1.0" encoding="UTF-8" ?>
<testsuite errors="0" failures="0" hostname="filipe-laptop" name="pokerhands.DeckTest" tests="4" time="0.156" timestamp="2011-01-04T21:26:25">
  <properties>
    <property name="default.javac.source" value="1.6" />
    <property name="file.encoding.pkg" value="sun.io" />
    <property name="libs.toplink.maven-pom" value="" />
    <property name="javac.source" value="1.5" />
    <property name="netbeans.system_http_proxy" value="DIRECT" />
    <property name="java.home" value="/usr/lib/jvm/java-6-openjdk/jre" />
    <property name="do.archive+manifest.available+main.class" value="true" />
    <property name="test.src.dir" value="test" />
    <property name="javadoc.version" value="false" />
    <property name="libs.CopyLibs.classpath" value="/usr/share/netbeans/6.8/java3/ant/extra/org-netbeans-modules-java-j2seproject-copylibstask.jar" />
    <property name="libs.javac-api.src" value="" />
    <property name="java.endorsed.dirs" value="/usr/lib/jvm/java-6-openjdk/jre/lib/endorsed" />
    <property name="libs.MySQLDriver.classpath" value="/home/filipe/.netbeans/6.8/modules/ext/mysql-connector-java-5.1.6-bin.jar" />
    <property name="libs.jaxb.javadoc" value="/home/filipe/.netbeans/6.8/docs/jaxb-api-doc.zip" />
    <property name="libs.junit.maven-pom" value="" />
    <property name="libs.PostgreSQLDriver.src" value="" />
    <property name="src.dir" value="src" />
    <property name="sun.java2d.noddraw" value="true" />
    <property name="nbplatform.default.harness.dir" value="/usr/share/netbeans/6.8/harness" />
    <property name="debug-args-line" value="-Xdebug" />
    <property name="netbeans.hash.code" value="unique=NBUBU0dd8d5ca2-489f-4967-b994-3712645f759d_50179571-a20e-46b3-aa61-721642c63387" />
    <property name="build.sysclasspath" value="ignore" />
    <property name="have.sources" value="true" />
    <property name="includes" value="**" />
    <property name="javac.fork" value="false" />
    <property name="source.encoding" value="UTF-8" />
    <property name="libs.swing-app-framework.javadoc" value="" />
    <property name="sun.os.patch.level" value="unknown" />
    <property name="java.vendor.url" value="http://java.sun.com/" />
    <property name="ant.file.PokerHands" value="/home/filipe/NetBeansProjects/PokerHands/build.xml" />
    <property name="java.version" value="1.6.0_18" />
    <property name="nb.show.statistics.ui" value="usageStatisticsEnabled" />
    <property name="javac.debug" value="true" />
    <property name="org.openide.major.version" value="IDE/1" />
    <property name="run.classpath" value=":build/classes" />
    <property name="libs.PostgreSQLDriver.maven-pom" value="" />
    <property name="java.vendor.url.bug" value="http://java.sun.com/cgi-bin/bugreport.cgi" />
    <property name="netbeans.autoupdate.variant" value="" />
    <property name="libs.eclipselink.javadoc" value="" />
    <property name="libs.absolutelayout.javadoc" value="" />
    <property name="libs.junit_4.maven-pom" value="" />
    <property name="netbeans.buildnumber" value="100326-unknown-revn" />
    <property name="jna.platform.library.path" value="/usr/lib:/lib" />
    <property name="annotation.processing.run.all.processors" value="true" />
    <property name="manifest.file" value="manifest.mf" />
    <property name="libs.swing-app-framework.maven-pom" value="" />
    <property name="user.name" value="filipe" />
    <property name="manifest.available+main.class+mkdist.available" value="true" />
    <property name="empty.dir" value="/home/filipe/NetBeansProjects/PokerHands/build/empty" />
    <property name="sun.io.unicode.encoding" value="UnicodeLittle" />
    <property name="sun.jnu.encoding" value="UTF-8" />
    <property name="java.runtime.name" value="OpenJDK Runtime Environment" />
    <property name="php.global.include.path" value="" />
    <property name="sun.java2d.pmoffscreen" value="false" />
    <property name="jdk.home" value="/usr/lib/jvm/java-6-openjdk" />
    <property name="netbeans.autoupdate.version" value="1.23" />
    <property name="org.openide.TopManager" value="org.netbeans.core.NonGui" />
    <property name="netbeans.dirs" value="/usr/share/netbeans/6.8/nb6.8:/usr/share/netbeans/6.8/bin/../ergonomics2:/usr/share/netbeans/6.8/ide12:/usr/share/netbeans/6.8/java3:/usr/share/netbeans/6.8/bin/../xml2:/usr/share/netbeans/6.8/apisupport1:/usr/share/netbeans/6.8/bin/../webcommon1:/usr/share/netbeans/6.8/bin/../websvccommon1:/usr/share/netbeans/6.8/bin/../enterprise6:/usr/share/netbeans/6.8/bin/../mobility8:/usr/share/netbeans/6.8/bin/../profiler3:/usr/share/netbeans/6.8/bin/../ruby2:/usr/share/netbeans/6.8/bin/../python1:/usr/share/netbeans/6.8/bin/../php1:/usr/share/netbeans/6.8/bin/../visualweb2:/usr/share/netbeans/6.8/bin/../soa2:/usr/share/netbeans/6.8/bin/../identity2:/usr/share/netbeans/6.8/bin/../uml6:/usr/share/netbeans/6.8/harness:/usr/share/netbeans/6.8/bin/../cnd3:/usr/share/netbeans/6.8/bin/../dlight2:/usr/share/netbeans/6.8/bin/../groovy2:/usr/share/netbeans/6.8/bin/../extra:/usr/share/netbeans/6.8/bin/../javafx2:/usr/share/netbeans/6.8/bin/../javacard1:" />
    <property name="main.class.available" value="true" />
    <property name="java.specification.name" value="Java Platform API Specification" />
    <property name="javadoc.author" value="false" />
    <property name="user.timezone" value="" />
    <property name="netbeans.system_http_non_proxy_hosts" value="" />
    <property name="manifest.available" value="true" />
    <property name="libs.swing-layout.maven-pom" value="" />
    <property name="libs.junit.javadoc" value="" />
    <property name="org.openide.specification.version" value="6.2" />
    <property name="path.separator" value=":" />
    <property name="version-output" value="java version &quot;1.6" />
    <property name="libs.absolutelayout.classpath" value="/usr/share/netbeans/6.8/java3/modules/ext/AbsoluteLayout.jar" />
    <property name="libs.jaxb.maven-pom" value="" />
    <property name="file.encoding" value="UTF-8" />
    <property name="libs.eclipselink.src" value="" />
    <property name="dist.javadoc.dir" value="dist/javadoc" />
    <property name="built-jar.properties" value="/home/filipe/NetBeansProjects/PokerHands/build/built-jar.properties" />
    <property name="libs.junit.src" value="" />
    <property name="ant.file" value="/home/filipe/NetBeansProjects/PokerHands/build.xml" />
    <property name="subversion.native.library" value="/usr/lib/jni/libsvnjavahl-1.so" />
    <property name="libs.junit_4.src" value="" />
    <property name="netbeans.autoupdate.language" value="pt" />
    <property name="java.io.tmpdir" value="/tmp" />
    <property name="build.test.results.dir" value="build/test/results" />
    <property name="user.language" value="pt" />
    <property name="line.separator" value="
" />
    <property name="apple.laf.useScreenMenuBar" value="true" />
    <property name="libs.absolutelayout.src" value="" />
    <property name="javac.compilerargs" value="" />
    <property name="jar.compress" value="false" />
    <property name="debug-transport-by-os" value="dt_socket" />
    <property name="libs.JWSAntTasks.src" value="" />
    <property name="java.vm.info" value="mixed mode" />
    <property name="libs.javac-api.maven-pom" value="" />
    <property name="javadoc.private" value="false" />
    <property name="annotation.processing.processors.list" value="" />
    <property name="sun.desktop" value="gnome" />
    <property name="build.test.classes.dir" value="build/test/classes" />
    <property name="java.vm.specification.name" value="Java Virtual Machine Specification" />
    <property name="libs.jaxb.src" value="" />
    <property name="libs.MySQLDriver.javadoc" value="" />
    <property name="netbeans.dynamic.classpath" value="/usr/share/netbeans/6.8/platform11/core/org-openide-filesystems.jar:/usr/share/netbeans/6.8/platform11/core/core.jar:/usr/share/netbeans/6.8/platform11/core/locale/org-openide-filesystems_ca.jar:/usr/share/netbeans/6.8/platform11/core/locale/org-openide-filesystems_ko.jar:/usr/share/netbeans/6.8/platform11/core/locale/core_tr.jar:/usr/share/netbeans/6.8/platform11/core/locale/org-openide-filesystems_de.jar:/usr/share/netbeans/6.8/platform11/core/locale/org-openide-filesystems_ja.jar:/usr/share/netbeans/6.8/platform11/core/locale/org-openide-filesystems_ru.jar:/usr/share/netbeans/6.8/platform11/core/locale/org-openide-filesystems_gl_ES.jar:/usr/share/netbeans/6.8/platform11/core/locale/org-openide-filesystems_sv.jar:/usr/share/netbeans/6.8/platform11/core/locale/core_fr.jar:/usr/share/netbeans/6.8/platform11/core/locale/core_zh_TW.jar:/usr/share/netbeans/6.8/platform11/core/locale/org-openide-filesystems_sq.jar:/usr/share/netbeans/6.8/platform11/core/locale/core_ja.jar:/usr/share/netbeans/6.8/platform11/core/locale/core_de.jar:/usr/share/netbeans/6.8/platform11/core/locale/core_ko.jar:/usr/share/netbeans/6.8/platform11/core/locale/org-openide-filesystems_it.jar:/usr/share/netbeans/6.8/platform11/core/locale/org-openide-filesystems_nl.jar:/usr/share/netbeans/6.8/platform11/core/locale/org-openide-filesystems_es.jar:/usr/share/netbeans/6.8/platform11/core/locale/core_zh_CN.jar:/usr/share/netbeans/6.8/platform11/core/locale/core_ca.jar:/usr/share/netbeans/6.8/platform11/core/locale/org-openide-filesystems_fr.jar:/usr/share/netbeans/6.8/platform11/core/locale/org-openide-filesystems_pt_BR.jar:/usr/share/netbeans/6.8/platform11/core/locale/org-openide-filesystems_in_ID.jar:/usr/share/netbeans/6.8/platform11/core/locale/org-openide-filesystems_zh_TW.jar:/usr/share/netbeans/6.8/platform11/core/locale/org-openide-filesystems_tr.jar:/usr/share/netbeans/6.8/platform11/core/locale/core_ar.jar:/usr/share/netbeans/6.8/platform11/core/locale/core_ru.jar:/usr/share/netbeans/6.8/platform11/core/locale/org-openide-filesystems_ar.jar:/usr/share/netbeans/6.8/platform11/core/locale/core_in_ID.jar:/usr/share/netbeans/6.8/platform11/core/locale/core_it.jar:/usr/share/netbeans/6.8/platform11/core/locale/org-openide-filesystems_zh_CN.jar:/usr/share/netbeans/6.8/platform11/core/locale/core_pt_BR.jar:/usr/share/netbeans/6.8/platform11/core/locale/core_sq.jar:/usr/share/netbeans/6.8/platform11/core/locale/org-openide-filesystems_ro.jar:/usr/share/netbeans/6.8/platform11/core/locale/core_sv.jar:/usr/share/netbeans/6.8/platform11/core/locale/core_ro.jar:/usr/share/netbeans/6.8/platform11/core/locale/core_cs.jar:/usr/share/netbeans/6.8/platform11/core/locale/org-openide-filesystems_cs.jar:/usr/share/netbeans/6.8/platform11/core/locale/core_nl.jar:/usr/share/netbeans/6.8/platform11/core/locale/core_gl_ES.jar:/usr/share/netbeans/6.8/platform11/core/locale/core_es.jar:/usr/share/netbeans/6.8/nb6.8/core/org-netbeans-upgrader.jar:/usr/share/netbeans/6.8/nb6.8/core/locale/core_nb_es.jar:/usr/share/netbeans/6.8/nb6.8/core/locale/core_nb_zh_TW.jar:/usr/share/netbeans/6.8/nb6.8/core/locale/core_nb.jar:/usr/share/netbeans/6.8/nb6.8/core/locale/org-netbeans-upgrader_ru.jar:/usr/share/netbeans/6.8/nb6.8/core/locale/core_nb_nl.jar:/usr/share/netbeans/6.8/nb6.8/core/locale/org-netbeans-upgrader_fr.jar:/usr/share/netbeans/6.8/nb6.8/core/locale/org-netbeans-upgrader_zh_CN.jar:/usr/share/netbeans/6.8/nb6.8/core/locale/core_nb_sv.jar:/usr/share/netbeans/6.8/nb6.8/core/locale/org-netbeans-upgrader_sv.jar:/usr/share/netbeans/6.8/nb6.8/core/locale/org-netbeans-upgrader_it.jar:/usr/share/netbeans/6.8/nb6.8/core/locale/org-netbeans-upgrader_de.jar:/usr/share/netbeans/6.8/nb6.8/core/locale/core_nb_it.jar:/usr/share/netbeans/6.8/nb6.8/core/locale/org-netbeans-upgrader_tr.jar:/usr/share/netbeans/6.8/nb6.8/core/locale/org-netbeans-upgrader_zh_TW.jar:/usr/share/netbeans/6.8/nb6.8/core/locale/org-netbeans-upgrader_ko.jar:/usr/share/netbeans/6.8/nb6.8/core/locale/org-netbeans-upgrader_ja.jar:/usr/share/netbeans/6.8/nb6.8/core/locale/core_nb_zh_CN.jar:/usr/share/netbeans/6.8/nb6.8/core/locale/core_nb_gl_ES.jar:/usr/share/netbeans/6.8/nb6.8/core/locale/core_nb_ca.jar:/usr/share/netbeans/6.8/nb6.8/core/locale/core_nb_tr.jar:/usr/share/netbeans/6.8/nb6.8/core/locale/org-netbeans-upgrader_es.jar:/usr/share/netbeans/6.8/nb6.8/core/locale/core_nb_ja.jar:/usr/share/netbeans/6.8/nb6.8/core/locale/core_nb_fr.jar:/usr/share/netbeans/6.8/nb6.8/core/locale/core_nb_ko.jar:/usr/share/netbeans/6.8/nb6.8/core/locale/core_nb_ru.jar:/usr/share/netbeans/6.8/nb6.8/core/locale/org-netbeans-upgrader_ca.jar:/usr/share/netbeans/6.8/nb6.8/core/locale/core_nb_pt_BR.jar:/usr/share/netbeans/6.8/nb6.8/core/locale/org-netbeans-upgrader_gl_ES.jar:/usr/share/netbeans/6.8/nb6.8/core/locale/org-netbeans-upgrader_nl.jar:/usr/share/netbeans/6.8/nb6.8/core/locale/core_nb_de.jar:/usr/share/netbeans/6.8/nb6.8/core/locale/org-netbeans-upgrader_pt_BR.jar" />
    <property name="manifest.available+main.class" value="true" />
    <property name="libs.beans-binding.javadoc" value="" />
    <property name="platform.active" value="default_platform" />
    <property name="ap.cmd.line.internal" value="" />
    <property name="libs.junit_4.javadoc" value="" />
    <property name="netbeans.autoupdate.country" value="BR" />
    <property name="libs.beans-binding.maven-pom" value="" />
    <property name="do.mkdist" value="true" />
    <property name="javadoc.encoding" value="UTF-8" />
    <property name="java.awt.printerjob" value="sun.print.PSPrinterJob" />
    <property name="do.archive" value="true" />
    <property name="dist.jar" value="dist/PokerHands.jar" />
    <property name="meta.inf.dir" value="src/META-INF" />
    <property name="ant.version" value="Apache Ant version 1.7.1 compiled on September 8 2010" />
    <property name="netbeans.home" value="/usr/share/netbeans/6.8/platform11" />
    <property name="javadoc.nonavbar" value="false" />
    <property name="user.properties.file" value="/home/filipe/.netbeans/6.8/build.properties" />
    <property name="libs.JWSAntTasks.classpath" value="/usr/share/netbeans/6.8/java3/ant/extra/org-netbeans-modules-javawebstart-anttasks.jar" />
    <property name="libs.toplink.classpath" value="/home/filipe/.netbeans/6.8/modules/ext/toplink/toplink-essentials.jar:/home/filipe/.netbeans/6.8/modules/ext/toplink/toplink-essentials-agent.jar" />
    <property name="netbeans.importclass" value="org.netbeans.upgrade.AutoUpgrade" />
    <property name="annotation.processing.source.output" value="build/generated-sources/ap-source-output" />
    <property name="libs.CopyLibs.maven-pom" value="" />
    <property name="useJavaUtilZip" value="true" />
    <property name="build.generated.dir" value="build/generated" />
    <property name="netbeans.home+have.tests" value="true" />
    <property name="libs.eclipselink.maven-pom" value="" />
    <property name="os.name" value="Linux" />
    <property name="java.specification.vendor" value="Sun Microsystems Inc." />
    <property name="run.test.classpath" value=":build/classes:/usr/share/netbeans/6.8/platform11/modules/ext/junit-4.6.jar:/usr/share/netbeans/6.8/platform11/modules/ext/hamcrest-core.jar:build/test/classes" />
    <property name="java.vm.name" value="OpenJDK Server VM" />
    <property name="libs.CopyLibs.src" value="" />
    <property name="org.openide.version" value="deprecated" />
    <property name="libs.junit.classpath" value="/usr/share/netbeans/6.8/java3/modules/ext/junit-3.8.2.jar" />
    <property name="libs.beans-binding.src" value="" />
    <property name="java.library.path" value="/usr/lib/jvm/java-6-openjdk/jre/lib/i386/server:/usr/lib/jvm/java-6-openjdk/jre/lib/i386:/usr/lib/jvm/java-6-openjdk/jre/../lib/i386:/usr/lib/jvm/java-6-openjdk/jre/lib/i386/client:/usr/lib/jvm/java-6-openjdk/jre/lib/i386:/usr/lib/jvm/java-6-openjdk/jre/../lib/i386:/usr/java/packages/lib/i386:/usr/lib/jni:/lib:/usr/lib" />
    <property name="libs.PostgreSQLDriver.javadoc" value="" />
    <property name="do.archive+manifest.available+main.class+mkdist.available" value="true" />
    <property name="libs.toplink.javadoc" value="" />
    <property name="ant.java.version" value="1.6" />
    <property name="basedir" value="/home/filipe/NetBeansProjects/PokerHands" />
    <property name="javadoc.noindex" value="false" />
    <property name="java.class.version" value="50.0" />
    <property name="sun.awt.exception.handler" value="org.netbeans.core.startup.TopLogging$AWTHandler" />
    <property name="javac.test.classpath" value=":build/classes:/usr/share/netbeans/6.8/platform11/modules/ext/junit-4.6.jar:/usr/share/netbeans/6.8/platform11/modules/ext/hamcrest-core.jar" />
    <property name="javac.processorpath" value="" />
    <property name="ant.home" value="/usr/share/netbeans/6.8/java3/ant" />
    <property name="javadoc.splitindex" value="true" />
    <property name="ant.file.PokerHands-impl" value="/home/filipe/NetBeansProjects/PokerHands/nbproject/build-impl.xml" />
    <property name="libs.toplink.src" value="" />
    <property name="libs.javac-api.javadoc" value="" />
    <property name="javac.test.processorpath" value=":build/classes:/usr/share/netbeans/6.8/platform11/modules/ext/junit-4.6.jar:/usr/share/netbeans/6.8/platform11/modules/ext/hamcrest-core.jar" />
    <property name="javadoc.preview" value="true" />
    <property name="libs.MySQLDriver.maven-pom" value="" />
    <property name="libs.CopyLibs.javadoc" value="" />
    <property name="libs.PostgreSQLDriver.classpath" value="/home/filipe/.netbeans/6.8/modules/ext/postgresql-8.3-603.jdbc3.jar" />
    <property name="libs.junit_4.classpath" value="/usr/share/netbeans/6.8/platform11/modules/ext/junit-4.6.jar:/usr/share/netbeans/6.8/platform11/modules/ext/hamcrest-core.jar" />
    <property name="sun.boot.library.path" value="/usr/lib/jvm/java-6-openjdk/jre/lib/i386" />
    <property name="build.dir" value="build" />
    <property name="sun.management.compiler" value="HotSpot Tiered Compilers" />
    <property name="libs.swing-app-framework.classpath" value="/usr/share/netbeans/6.8/java3/modules/ext/appframework-1.0.3.jar:/usr/share/netbeans/6.8/java3/modules/ext/swing-worker-1.1.jar" />
    <property name="java.awt.graphicsenv" value="sun.awt.X11GraphicsEnvironment" />
    <property name="javadoc.encoding.used" value="UTF-8" />
    <property name="javadoc.windowtitle" value="" />
    <property name="annotation.processing.enabled" value="true" />
    <property name="run.jvmargs" value="" />
    <property name="build.generated.sources.dir" value="build/generated-sources" />
    <property name="build.compiler.emacs" value="true" />
    <property name="ant.project.name" value="PokerHands" />
    <property name="libs.swing-layout.classpath" value="/usr/share/netbeans/6.8/platform11/modules/ext/swing-layout-1.0.4.jar" />
    <property name="java.vm.specification.version" value="1.0" />
    <property name="work.dir" value="/home/filipe/NetBeansProjects/PokerHands" />
    <property name="libs.jaxb.classpath" value="/home/filipe/.netbeans/6.8/modules/ext/jaxb/activation.jar:/home/filipe/.netbeans/6.8/modules/ext/jaxb/api/jaxb-api.jar:/home/filipe/.netbeans/6.8/modules/ext/jaxb/jaxb-impl.jar:/home/filipe/.netbeans/6.8/modules/ext/jaxb/jaxb1-impl.jar:/home/filipe/.netbeans/6.8/modules/ext/jaxb/jaxb-xjc.jar:/home/filipe/.netbeans/6.8/modules/ext/jaxb/api/jsr173_api.jar" />
    <property name="javadoc.use" value="true" />
    <property name="sun.cpu.isalist" value="" />
    <property name="java.ext.dirs" value="/usr/lib/jvm/java-6-openjdk/jre/lib/ext:/usr/java/packages/lib/ext" />
    <property name="os.version" value="2.6.32-25-generic" />
    <property name="excludes" value="" />
    <property name="user.home" value="/home/filipe" />
    <property name="org.xml.sax.driver" value="com.sun.org.apache.xerces.internal.jaxp.SAXParserImpl$JAXPSAXParser" />
    <property name="java.vm.vendor" value="Sun Microsystems Inc." />
    <property name="libs.absolutelayout.maven-pom" value="" />
    <property name="org.openide.TopManager.GUI" value="true" />
    <property name="user.dir" value="/home/filipe/NetBeansProjects/PokerHands" />
    <property name="debug-transport" value="dt_socket" />
    <property name="application.args" value="" />
    <property name="sun.cpu.endian" value="little" />
    <property name="compile.on.save" value="true" />
    <property name="endorsed.classpath.cmd.line.arg" value="-Xbootclasspath/p:&apos;/home/filipe/NetBeansProjects/PokerHands/${endorsed.classpath}&apos;" />
    <property name="jar.index" value="false" />
    <property name="libs.MySQLDriver.src" value="" />
    <property name="java.vm.version" value="16.0-b13" />
    <property name="java.class.path" value="/home/filipe/NetBeansProjects/PokerHands/build/classes:/usr/share/netbeans/6.8/platform11/modules/ext/junit-4.6.jar:/usr/share/netbeans/6.8/platform11/modules/ext/hamcrest-core.jar:/home/filipe/NetBeansProjects/PokerHands/build/test/classes:/usr/share/netbeans/6.8/java3/ant/lib/junit.jar:/usr/share/netbeans/6.8/java3/ant/lib/ant-launcher.jar:/usr/share/netbeans/6.8/java3/ant/lib/ant.jar:/usr/share/netbeans/6.8/java3/ant/lib/ant-junit.jar" />
    <property name="annotation.processing.processor.options" value="" />
    <property name="os.arch" value="i386" />
    <property name="javac.deprecation" value="false" />
    <property name="nbplatform.default.netbeans.dest.dir" value="/usr/share/netbeans/6.8" />
    <property name="build.classes.excludes" value="**/*.java,**/*.form" />
    <property name="dist.dir" value="dist" />
    <property name="netbeans.user" value="/home/filipe/.netbeans/6.8" />
    <property name="debug.classpath" value=":build/classes" />
    <property name="sun.java.launcher" value="SUN_STANDARD" />
    <property name="annotation.processing.enabled.in.editor" value="false" />
    <property name="ant.core.lib" value="/usr/share/netbeans/6.8/java3/ant/lib/ant.jar" />
    <property name="java.vm.specification.vendor" value="Sun Microsystems Inc." />
    <property name="do.depend" value="false" />
    <property name="file.separator" value="/" />
    <property name="java.runtime.version" value="1.6.0_18-b18" />
    <property name="sun.boot.class.path" value="/home/filipe/NetBeansProjects/PokerHands/${endorsed.classpath}:/usr/lib/jvm/java-6-openjdk/jre/lib/resources.jar:/usr/lib/jvm/java-6-openjdk/jre/lib/rt.jar:/usr/lib/jvm/java-6-openjdk/jre/lib/sunrsasign.jar:/usr/lib/jvm/java-6-openjdk/jre/lib/jsse.jar:/usr/lib/jvm/java-6-openjdk/jre/lib/jce.jar:/usr/lib/jvm/java-6-openjdk/jre/lib/charsets.jar:/usr/lib/jvm/java-6-openjdk/jre/lib/rhino.jar:/usr/lib/jvm/java-6-openjdk/jre/classes" />
    <property name="debug.test.classpath" value=":build/classes:/usr/share/netbeans/6.8/platform11/modules/ext/junit-4.6.jar:/usr/share/netbeans/6.8/platform11/modules/ext/hamcrest-core.jar:build/test/classes" />
    <property name="javax.accessibility.assistive_technologies" value="org.GNOME.Accessibility.JavaBridge" />
    <property name="libs.beans-binding.classpath" value="/usr/share/netbeans/6.8/java3/modules/ext/beansbinding-1.2.1.jar" />
    <property name="have.tests" value="true" />
    <property name="main.class" value="pokerhands.Main" />
    <property name="libs.JWSAntTasks.maven-pom" value="" />
    <property name="java.util.logging.config.class" value="org.netbeans.core.startup.TopLogging" />
    <property name="libs.javac-api.classpath" value="/usr/share/netbeans/6.8/java3/modules/ext/javac-api-nb-7.0-b07.jar" />
    <property name="user.country" value="BR" />
    <property name="javadoc.notree" value="false" />
    <property name="javadoc.additionalparam" value="" />
    <property name="default.javac.target" value="1.6" />
    <property name="javac.classpath" value="" />
    <property name="build.classes.dir" value="build/classes" />
    <property name="do.archive+manifest.available" value="true" />
    <property name="libs.swing-layout.src" value="" />
    <property name="libs.swing-layout.javadoc" value="" />
    <property name="javac.target" value="1.5" />
    <property name="java.vendor" value="Sun Microsystems Inc." />
    <property name="libs.eclipselink.classpath" value="/home/filipe/.netbeans/6.8/modules/ext/eclipselink/eclipselink-2.0.0.jar:/home/filipe/.netbeans/6.8/modules/ext/eclipselink/eclipselink-javax.persistence-2.0.jar" />
    <property name="runtime.encoding" value="UTF-8" />
    <property name="libs.swing-app-framework.src" value="" />
    <property name="java.specification.version" value="1.6" />
    <property name="libs.JWSAntTasks.javadoc" value="" />
    <property name="sun.arch.data.model" value="32" />
  </properties>
  <testcase classname="pokerhands.DeckTest" name="testGenerateNewDeck" time="0.021" />
  <testcase classname="pokerhands.DeckTest" name="testGetNewHand" time="0.005" />
  <testcase classname="pokerhands.DeckTest" name="testShuffle" time="0.009" />
  <testcase classname="pokerhands.DeckTest" name="testShuffleSize" time="0.001" />
  <system-out><![CDATA[generateNewDeck
getNewHand
shuffle
shuffle
]]></system-out>
  <system-err><![CDATA[]]></system-err>
</testsuite>
